2024-10-19 12:33:31,609 INFO: Attempting to restart with administrative privileges...
2024-10-19 12:33:34,052 INFO: re-launching Fennec with admin privileges
2024-10-19 12:33:34,052 INFO: Restarted with administrative privileges.
2024-10-19 12:33:34,455 INFO: port thread started
2024-10-19 12:33:34,463 INFO: process thread started
2024-10-19 12:33:35,252 INFO: Firewall rule added to block port 16992.
2024-10-19 12:33:35,639 INFO: Firewall rule added to block port 16993.
2024-10-19 12:33:36,005 INFO: Firewall rule added to block port 194.
2024-10-19 12:33:36,346 INFO: Firewall rule added to block port 4899.
2024-10-19 12:33:38,939 INFO: Firewall rule added to block port 7070.
2024-10-19 12:33:50,860 INFO: Found process: QuickAssist.exe (pid: 19240)
2024-10-19 12:33:50,861 INFO: Terminated process: QuickAssist.exe (pid: 19240)
2024-10-19 12:34:57,575 INFO: Found process: mstsc.exe (pid: 18312)
2024-10-19 12:34:57,575 INFO: Terminated process: mstsc.exe (pid: 18312)
2024-10-19 12:37:00,561 INFO: Attempting to restart with administrative privileges...
2024-10-19 12:37:02,214 INFO: re-launching Fennec with admin privileges
2024-10-19 12:37:02,214 INFO: Restarted with administrative privileges.
2024-10-19 12:37:02,589 INFO: port thread started
2024-10-19 12:37:02,612 INFO: process thread started
2024-10-19 13:01:08,902 INFO: Attempting to restart with administrative privileges...
2024-10-19 13:01:10,847 INFO: re-launching Fennec with admin privileges
2024-10-19 13:01:10,847 INFO: Restarted with administrative privileges.
2024-10-19 13:01:10,847 INFO: Hello World :)
2024-10-19 13:01:11,221 INFO: port thread started
2024-10-19 13:01:11,245 INFO: process thread started
2024-10-19 13:01:14,599 INFO: port thread stopped
2024-10-19 13:04:41,809 INFO: Attempting to restart with administrative privileges...
2024-10-19 13:04:43,497 INFO: re-launching Fennec with admin privileges
2024-10-19 13:04:43,497 INFO: Restarted with administrative privileges.
2024-10-19 13:04:43,497 INFO: Hello World :)
2024-10-19 13:04:43,851 INFO: port thread started
2024-10-19 13:04:43,874 INFO: process thread started
2024-10-19 13:04:47,338 INFO: port thread stopped
2024-10-19 13:08:04,678 INFO: Attempting to restart with administrative privileges...
2024-10-19 13:08:06,397 INFO: re-launching Fennec with admin privileges
2024-10-19 13:08:06,397 INFO: Restarted with administrative privileges.
2024-10-19 13:08:06,397 INFO: Hello World :)
2024-10-19 13:08:08,251 INFO: Attempting to restart with administrative privileges...
2024-10-19 13:08:09,855 INFO: re-launching Fennec with admin privileges
2024-10-19 13:08:09,855 INFO: Restarted with administrative privileges.
2024-10-19 13:08:09,855 INFO: Hello World :)
2024-10-19 13:08:10,236 INFO: port thread started
2024-10-19 13:08:10,252 INFO: process thread started
2024-10-19 13:08:13,807 INFO: port thread stopped
2024-10-19 13:08:18,509 INFO: Found process: QuickAssist.exe (pid: 18496)
2024-10-19 13:08:18,509 INFO: Terminated process: QuickAssist.exe (pid: 18496)
2024-10-19 13:08:18,588 INFO: conn_alert called
2024-10-20 23:08:06,571 INFO: Attempting to restart with administrative privileges...
2024-10-20 23:08:09,143 INFO: re-launching Fennec with admin privileges
2024-10-20 23:08:09,144 INFO: Restarted with administrative privileges.
2024-10-20 23:08:09,144 INFO: Hello World :)
2024-10-20 23:08:09,422 INFO: port thread started
2024-10-20 23:08:09,433 INFO: process thread started
2024-10-20 23:08:11,848 INFO: port thread stopped
2024-10-20 23:09:58,461 INFO: Attempting to restart with administrative privileges...
2024-10-20 23:09:59,960 INFO: re-launching Fennec with admin privileges
2024-10-20 23:09:59,960 INFO: Restarted with administrative privileges.
2024-10-20 23:09:59,960 INFO: Hello World :)
2024-10-20 23:10:00,213 INFO: port thread started
2024-10-20 23:10:00,226 INFO: process thread started
2024-10-20 23:10:02,665 INFO: port thread stopped
2024-10-20 23:10:10,436 INFO: Found process: QuickAssist.exe (pid: 14072)
2024-10-20 23:10:10,441 INFO: Terminated process: QuickAssist.exe (pid: 14072)
2024-10-25 15:00:29,647 INFO: Attempting to restart with administrative privileges...
2024-10-25 15:00:31,834 INFO: re-launching Fennec with admin privileges
2024-10-25 15:00:31,834 INFO: Restarted with administrative privileges.
2024-10-25 15:00:31,834 INFO: Hello World :)
2024-10-25 15:00:32,240 INFO: port thread started
2024-10-25 15:00:32,264 INFO: process thread started
2024-10-25 15:00:35,759 INFO: port thread stopped
2024-10-25 15:00:45,570 INFO: Found process: QuickAssist.exe (pid: 12408)
2024-10-25 15:00:45,573 INFO: Terminated process: QuickAssist.exe (pid: 12408)
2024-10-25 15:00:45,609 INFO: conn_alert function being called...
2024-10-25 15:00:45,609 INFO: conn_alert function called successfully
2024-10-25 15:01:44,561 INFO: Found process: QuickAssist.exe (pid: 17396)
2024-10-25 15:01:44,563 INFO: Terminated process: QuickAssist.exe (pid: 17396)
2024-10-25 15:01:44,587 INFO: conn_alert function being called...
2024-10-25 15:01:44,588 INFO: conn_alert function called successfully
